<?xml version="1.0" encoding="UTF-8"?>
<!-- Generated by org.testng.reporters.JUnitReportReporter -->
<testsuite hostname="TRICONNODE211" name="connect.login.login" tests="6" failures="0" timestamp="15 Jun 2016 10:48:21 GMT" time="84.997" errors="0">
  <testcase name="LoginForgotPwdTest" time="14.434" classname="connect.login.login"/>
  <testcase name="LoginEnterPwdAlertTest" time="14.557" classname="connect.login.login"/>
  <testcase name="LoginTest" time="15.301" classname="connect.login.login"/>
  <testcase name="LoginHelpLinkTest" time="13.032" classname="connect.login.login"/>
  <testcase name="LoginTOUlinkTest" time="12.684" classname="connect.login.login"/>
  <testcase name="LoginEnterEmailAlertTest" time="14.989" classname="connect.login.login"/>
</testsuite> <!-- connect.login.login -->
