<?xml version="1.0" encoding="UTF-8"?>
<!-- Generated by org.testng.reporters.JUnitReportReporter -->
<testsuite hostname="TRICONNODE211" name="connect.assignmentscreation.FileAttachment" tests="1" failures="0" timestamp="27 Jul 2016 12:40:11 GMT" time="72.461" errors="0">
  <testcase name="CreateFileAttachmentAssignmentTest" time="72.461" classname="connect.assignmentscreation.FileAttachment"/>
</testsuite> <!-- connect.assignmentscreation.FileAttachment -->
