<?xml version="1.0" encoding="UTF-8"?>
<!-- Generated by org.testng.reporters.JUnitReportReporter -->
<testsuite hostname="TRICONNODE211" name="connect.assignmentscreation.BlogAssignment" tests="1" failures="0" timestamp="27 Jul 2016 11:09:18 GMT" time="405.136" errors="0">
  <testcase name="CreateBlogAssignmentTest" time="405.136" classname="connect.assignmentscreation.BlogAssignment"/>
</testsuite> <!-- connect.assignmentscreation.BlogAssignment -->
