<?xml version="1.0" encoding="UTF-8"?>
<!-- Generated by org.testng.reporters.JUnitReportReporter -->
<testsuite hostname="TRICONNODE211" name="connect.assignmentscreation.Opentest" tests="1" failures="0" timestamp="27 Jul 2016 08:49:59 GMT" time="11.027" errors="0">
  <testcase name="NewTest" time="11.027" classname="connect.assignmentscreation.Opentest"/>
</testsuite> <!-- connect.assignmentscreation.Opentest -->
