<?xml version="1.0" encoding="UTF-8"?>
<!-- Generated by org.testng.reporters.JUnitReportReporter -->
<testsuite hostname="TRICONNODE211" name="connect.paam.paamlogin" tests="1" failures="0" timestamp="26 Jul 2016 07:43:35 GMT" time="51.452" errors="0">
  <testcase name="loginTest" time="51.452" classname="connect.paam.paamlogin"/>
</testsuite> <!-- connect.paam.paamlogin -->
