<?xml version="1.0" encoding="UTF-8"?>
<!-- Generated by org.testng.reporters.JUnitReportReporter -->
<testsuite hostname="TRICONNODE211" name="connect.paam.paamlogin" tests="1" failures="0" timestamp="28 Jun 2016 14:08:38 GMT" time="46.800" errors="0">
  <testcase name="loginTest" time="46.800" classname="connect.paam.paamlogin"/>
</testsuite> <!-- connect.paam.paamlogin -->
