<?xml version="1.0" encoding="UTF-8"?>
<!-- Generated by org.testng.reporters.JUnitReportReporter -->
<testsuite hostname="TRICONNODE211" name="connect.login.StudentClassicRegistration" tests="1" failures="0" timestamp="15 Jun 2016 10:48:21 GMT" time="36.857" errors="0">
  <testcase name="RegisterStudentC15" time="36.857" classname="connect.login.StudentClassicRegistration"/>
</testsuite> <!-- connect.login.StudentClassicRegistration -->
