<?xml version="1.0" encoding="UTF-8"?>
<!-- Generated by org.testng.reporters.JUnitReportReporter -->
<testsuite hostname="TRICONNODE211" name="connect.paam.paamlogin" tests="1" failures="0" timestamp="26 Jul 2016 09:47:23 GMT" time="62.954" errors="0">
  <testcase name="loginTest" time="62.954" classname="connect.paam.paamlogin"/>
</testsuite> <!-- connect.paam.paamlogin -->
