<?xml version="1.0" encoding="UTF-8"?>
<!-- Generated by org.testng.reporters.JUnitReportReporter -->
<testsuite hostname="TRICONNODE211" name="connect.login.MyCourses" tests="1" failures="0" timestamp="15 Jun 2016 10:48:21 GMT" time="49.943" errors="0">
  <testcase name="CreateCourse" time="49.943" classname="connect.login.MyCourses"/>
</testsuite> <!-- connect.login.MyCourses -->
