<?xml version="1.0" encoding="UTF-8"?>
<!-- Generated by org.testng.reporters.JUnitReportReporter -->
<testsuite hostname="TRICONNODE211" name="connect.paam.paamlogin" tests="1" failures="0" timestamp="29 Jun 2016 12:58:01 GMT" time="61.510" errors="0">
  <testcase name="loginTest" time="61.510" classname="connect.paam.paamlogin"/>
</testsuite> <!-- connect.paam.paamlogin -->
