<?xml version="1.0" encoding="UTF-8"?>
<!-- Generated by org.testng.reporters.JUnitReportReporter -->
<testsuite hostname="TRICONNODE211" name="connect.assignmentscreation.WebActivityAssignment" tests="1" failures="0" timestamp="27 Jul 2016 11:09:18 GMT" time="391.925" errors="0">
  <testcase name="CreateWebActivityAssignmentTest" time="391.925" classname="connect.assignmentscreation.WebActivityAssignment"/>
</testsuite> <!-- connect.assignmentscreation.WebActivityAssignment -->
