<?xml version="1.0" encoding="UTF-8"?>
<!-- Generated by org.testng.reporters.JUnitReportReporter -->
<testsuite hostname="TRICONNODE211" name="connect.assignmentscreation.DiscussionBoardAssignment" tests="1" failures="0" timestamp="27 Jul 2016 11:09:18 GMT" time="402.739" errors="0">
  <testcase name="CreateDiscussionBoardAssignmentTest" time="402.739" classname="connect.assignmentscreation.DiscussionBoardAssignment"/>
</testsuite> <!-- connect.assignmentscreation.DiscussionBoardAssignment -->
