<?xml version="1.0" encoding="UTF-8"?>
<!-- Generated by org.testng.reporters.JUnitReportReporter -->
<testsuite hostname="TRICONNODE211" name="connect.login.login" tests="6" failures="0" timestamp="23 Jun 2016 12:27:44 GMT" time="75.701" errors="0">
  <testcase name="LoginEnterEmailAlertTest" time="12.038" classname="connect.login.login"/>
  <testcase name="LoginTOUlinkTest" time="11.667" classname="connect.login.login"/>
  <testcase name="LoginTest" time="14.803" classname="connect.login.login"/>
  <testcase name="LoginEnterPwdAlertTest" time="11.556" classname="connect.login.login"/>
  <testcase name="LoginHelpLinkTest" time="12.776" classname="connect.login.login"/>
  <testcase name="LoginForgotPwdTest" time="12.861" classname="connect.login.login"/>
</testsuite> <!-- connect.login.login -->
